Build started 2018-05-21 14:54:31.
     1>Project "D:\Moje_dokumenty\EiTI_sem5\VisualStudioProjects\AAL-9-LS-Rabus\AAL-9-LS-Rabus.vcxproj" on node 2 (Build target(s)).
     1>Link:
         C:\Program Files (x86)\Microsoft Visual Studio 12.0\VC\bin\link.exe /ERRORREPORT:PROMPT /OUT:"D:\Moje_dokumenty\EiTI_sem5\VisualStudioProjects\AAL-9-LS-Rabus\Debug\AAL-9-LS-Rabus.exe" /INCREMENTAL /NOLOGO kernel32.lib user32.lib gdi32.lib winspool.lib comdlg32.lib advapi32.lib shell32.lib ole32.lib oleaut32.lib uuid.lib odbc32.lib odbccp32.lib /MANIFEST /MANIFESTUAC:"level='asInvoker' uiAccess='false'" /manifest:embed /DEBUG /PDB:"D:\Moje_dokumenty\EiTI_sem5\VisualStudioProjects\AAL-9-LS-Rabus\Debug\AAL-9-LS-Rabus.pdb" /TLBID:1 /DYNAMICBASE /NXCOMPAT /IMPLIB:"D:\Moje_dokumenty\EiTI_sem5\VisualStudioProjects\AAL-9-LS-Rabus\Debug\AAL-9-LS-Rabus.lib" /MACHINE:X86 Debug\Main.obj
         Debug\ReadFromFile.obj
     1>LINK : fatal error LNK1168: cannot open D:\Moje_dokumenty\EiTI_sem5\VisualStudioProjects\AAL-9-LS-Rabus\Debug\AAL-9-LS-Rabus.exe for writing
     1>Done Building Project "D:\Moje_dokumenty\EiTI_sem5\VisualStudioProjects\AAL-9-LS-Rabus\AAL-9-LS-Rabus.vcxproj" (Build target(s)) -- FAILED.

Build FAILED.

Time Elapsed 00:00:00.28
