Build started 2018-05-22 09:25:19.
     1>Project "D:\Moje_dokumenty\EiTI_sem5\VisualStudioProjects\AAL-9-LS-Rabus\AAL-9-LS-Rabus.vcxproj" on node 2 (Build target(s)).
     1>ClCompile:
         C:\Program Files (x86)\Microsoft Visual Studio 12.0\VC\bin\x86_amd64\CL.exe /c /Zi /nologo /W3 /WX- /sdl /Od /D _MBCS /Gm /EHsc /RTC1 /MDd /GS /fp:precise /Zc:wchar_t /Zc:forScope /Fo"x64\Debug\\" /Fd"x64\Debug\vc120.pdb" /Gd /TP /errorReport:prompt Main.cpp ShortestPathsAlgorithm.cpp
         Main.cpp
         Generating Code...
         Compiling...
         ShortestPathsAlgorithm.cpp
     1>ShortestPathsAlgorithm.cpp(75): error C3861: 'fillShortestPaths': identifier not found
         Generating Code...
     1>Done Building Project "D:\Moje_dokumenty\EiTI_sem5\VisualStudioProjects\AAL-9-LS-Rabus\AAL-9-LS-Rabus.vcxproj" (Build target(s)) -- FAILED.

Build FAILED.

Time Elapsed 00:00:02.31
